Terminal log file
Date: 1/2/2016 - 12:30:13 AM
-----------------------------------------------
USB->COM adapters:lux	6.66
TSL2561 example sketch
Got factory ID: 0X50, should be 0X5X
Set timing...
Powerup...
lux	6.81
lux	2.71
lux	0.00
lux	0.00
lux	0.00
lux	0.00
lux	0.00
lux	0.00
lux	0.00
lux	0.00
lux	0.00
lux	0.00
lux	2.94
lux	0.20
lux	0.20
lux	0.00
lux	0.00
lux	0.00
lux	0.00
lux	0.00
lux	0.00
lux	0.00
lux	0.00
lux	0.00
lux	0.00
lux	0.00
lux	0.00
lux	0.00
lux	0.00
lux	0.00
lux	0.00
lux	0.00
lux	0.00
lux	0.00
lux	0.00
lux	0.00
lux	0.00
lux	0.00
lux	0.00
lux	0.00
lux	0.00
lux	0.00
lux	0.00
lux	0.00
lux	0.00
lux	0.00
lux	0.00
lux	0.00
lux	0.00
lux	0.00
lux	0.00
lux	0.00
lux	0.00
lux	0.00
lux	0.00
lux	0.00
lux	0.00
lux	0.00
lux	0.00
lux	0.00
lux	0.00
lux	0.00
lux	0.00
lux	0.00
lux	0.00
lux	0.00
lux	0.00
lux	0.00
lux	0.00
lux	0.00
lux	0.00
lux	0.00
lux	0.00
lux	0.00
lux	0.00
lux	0.00
lux	0.00
lux	0.00
lux	0.00
lux	0.00
lux	0.00
lux	0.00
lux	0.00
lux	0.00
lux	0.00
lux	0.00
lux	0.00
lux	0.00
lux	0.00
lux	0.00
lux	0.00
lux	0.00
lux	0.00
lux	0.00
lux	0.00
lux	0.00
lux	0.00
lux	0.00
lux	0.00
lux	0.00
lux	0.00
lux	0.00
lux	0.00
lux	0.00
lux	0.00
lux	0.00
lux	0.00
lux	0.00
lux	0.00
lux	0.00
lux	0.00
lux	0.00
lux	0.00
lux	0.00
lux	0.00
lux	0.00
lux	0.00
lux	0.00
lux	0.00
lux	0.00
lux	0.00
lux	0.00
lux	0.00
lux	0.00
lux	0.00
lux	0.00
lux	0.00
lux	0.00
lux	0.00
lux	0.00
lux	0.00
lux	0.00
lux	0.00
lux	0.00
lux	0.00
lux	0.00
lux	0.00
lux	0.00
lux	0.00
lux	0.00
lux	0.00
lux	0.00
lux	0.00
lux	0.00
lux	0.00
lux	0.00
lux	0.00
lux	0.00
lux	0.00
lux	0.00
lux	0.00
lux	0.00
lux	0.00
lux	0.00
lux	0.00
lux	0.00
lux	0.00
lux	0.00
lux	0.00
lux	0.00
lux	0.00
lux	0.00
lux	0.00
lux	0.00
lux	0.00
lux	0.00
lux	0.00
lux	0.00
lux	0.00
lux	0.00
lux	0.00
lux	0.00
lux	0.00
lux	0.00
lux	0.00
lux	0.00
lux	0.00
lux	0.00
lux	0.00
lux	0.00
lux	0.00
lux	0.00
lux	0.00
lux	0.00
lux	0.00
lux	0.00
lux	0.00
lux	0.00
lux	0.00
lux	0.00
lux	0.00
lux	0.00
lux	0.00
lux	0.00
lux	0.00
lux	0.00
lux	0.00
lux	0.00
lux	0.00
lux	0.00
lux	0.00
lux	0.00
lux	0.00
lux	0.00
lux	0.00
lux	0.00
lux	0.00
lux	0.00
lux	0.00
lux	0.00
lux	0.00
lux	0.00
lux	0.00
lux	0.00
lux	0.00
lux	0.00
lux	0.00
lux	0.00
lux	0.00
lux	0.00
lux	0.00
lux	0.00
lux	0.00
lux	0.00
lux	0.00
lux	0.00
lux	0.00
lux	0.00
lux	0.00
lux	0.00
lux	0.00
lux	0.00
lux	0.00
lux	0.00
lux	0.00
lux	0.00
lux	0.00
lux	0.00
lux	0.00
lux	0.00
lux	0.00
lux	0.00
lux	0.00
lux	0.00
lux	0.00
lux	0.00
lux	0.00
lux	0.00
lux	0.00
lux	0.00
lux	0.00
lux	0.00
lux	0.00
lux	0.00
lux	0.00
lux	0.00
lux	0.00
lux	0.00
lux	0.00
lux	0.00
lux	0.00
lux	0.00
lux	0.00
lux	0.00
lux	0.00
lux	0.00
lux	0.00
lux	0.00
lux	0.00
lux	0.00
lux	0.00
lux	0.00
lux	0.00
lux	0.00
lux	0.00
lux	0.00
lux	0.00
lux	0.00
lux	0.00
lux	0.00
lux	0.00
lux	0.00
lux	0.00
lux	0.00
lux	0.00
lux	0.00
lux	0.00
lux	0.00
lux	0.00
lux	0.00
lux	0.00
lux	0.00
lux	0.00
lux	0.00
lux	0.00
lux	0.00
lux	0.00
lux	0.00
lux	0.00
lux	0.00
lux	0.00
lux	0.00
lux	0.00
lux	0.00
lux	0.00
lux	0.00
lux	0.00
lux	0.00
lux	0.00
lux	0.00
lux	0.00
lux	0.00
lux	0.00
lux	0.00
lux	0.00
lux	0.00
lux	0.00
lux	0.00
lux	0.00
lux	0.00
lux	0.00
lux	0.00
lux	0.00
lux	0.00
lux	0.00
lux	0.00
lux	0.00
lux	0.00
lux	0.00
lux	0.00
lux	0.00
lux	0.00
lux	0.00
lux	0.00
lux	0.00
lux	0.00
lux	0.00
lux	0.00
lux	0.00
lux	0.00
lux	0.00
lux	0.00
lux	0.00
lux	0.00
lux	0.00
lux	0.00
lux	0.00
lux	0.00
lux	0.00
lux	0.00
lux	0.00
lux	0.00
lux	0.00
lux	0.00
lux	0.00
lux	0.00
lux	0.00
lux	0.00
lux	0.00
lux	0.00
lux	0.00
lux	0.00
lux	0.00
lux	0.00
lux	0.00
lux	0.00
lux	0.00
lux	0.00
lux	0.00
lux	0.00
lux	0.00
lux	0.00
lux	0.00
lux	0.00
lux	0.00
lux	0.00
lux	0.00
lux	0.00
lux	0.00
lux	0.00
lux	0.00
lux	0.00
lux	0.00
lux	0.00
lux	0.00
lux	0.00
lux	0.00
lux	0.00
lux	0.00
lux	0.00
lux	0.00
lux	0.00
lux	0.00
lux	0.00
lux	0.00
lux	0.00
lux	0.00
lux	0.00
lux	0.00
lux	0.00
lux	0.00
lux	0.00
lux	0.00
lux	0.00
lux	0.00
lux	0.00
lux	0.00
lux	0.00
lux	0.00
lux	0.00
lux	0.00
lux	0.00
lux	0.00
lux	0.00
lux	0.00
lux	0.00
lux	0.00
lux	0.00
lux	0.00
lux	0.00
lux	0.00
lux	0.00
lux	0.00
lux	0.00
lux	0.00
lux	0.00
lux	0.00
lux	0.00
lux	0.00
lux	0.00
lux	0.00
lux	0.00
lux	0.00
lux	0.00
lux	0.00
lux	0.00
lux	0.00
lux	0.00
lux	0.00
lux	0.00
lux	0.00
lux	0.00
lux	0.00
lux	0.00
lux	0.00
lux	0.00
lux	0.00
lux	0.00
lux	0.00
lux	0.00
lux	0.00
lux	0.00
lux	0.00
lux	0.00
lux	0.00
lux	0.00
lux	0.00
lux	0.00
lux	0.00
lux	0.00
lux	0.00
lux	0.00
lux	0.00
lux	0.00
lux	0.00
lux	0.00
lux	0.00
lux	0.00
lux	0.00
lux	0.00
lux	0.00
lux	0.00
lux	0.00
lux	0.00
lux	0.00
lux	0.00
lux	0.00
lux	0.00
lux	0.00
lux	0.00
lux	0.00
lux	0.00
lux	0.00
lux	0.00
lux	0.00
lux	0.00
lux	0.00
lux	0.00
lux	0.00
lux	0.00
lux	0.00
lux	0.00
lux	0.00
lux	0.00
lux	0.00
lux	0.00
lux	0.00
lux	0.00
lux	0.00
lux	0.00
lux	0.00
lux	0.00
lux	0.00
lux	0.00
lux	0.00
lux	0.00
lux	0.00
lux	0.00
lux	0.00
lux	0.00
lux	0.00
lux	0.00
lux	0.00
lux	0.00
lux	0.00
lux	0.00
lux	0.00
lux	0.00
lux	0.00
lux	0.00
lux	0.00
lux	0.00
lux	0.00
lux	0.00
lux	0.00
lux	0.00
lux	0.00
lux	0.00
lux	0.00
lux	0.00
lux	0.00
lux	0.00
lux	0.00
lux	0.00
lux	0.00
lux	0.00
lux	0.00
lux	0.00
lux	0.00
lux	0.00
lux	0.00
lux	0.00
lux	0.00
lux	0.00
lux	0.00
lux	0.00
lux	0.00
lux	0.00
lux	0.00
lux	0.00
lux	0.00
lux	0.00
lux	0.00
lux	0.00
lux	0.00
lux	0.00
lux	0.00
lux	0.00
lux	0.00
lux	0.00
lux	0.00
lux	0.00
lux	0.00
lux	0.00
lux	0.00
lux	0.00
lux	0.00
lux	0.00
lux	0.00
lux	0.00
lux	0.00
lux	0.00
lux	0.00
lux	0.00
lux	0.00
lux	0.00
lux	0.00
lux	0.00
lux	0.00
lux	0.00
lux	0.00
lux	0.00
lux	0.00
lux	0.00
lux	0.00
lux	0.00
lux	0.00
lux	0.00
lux	0.00
lux	0.00
lux	0.00
lux	0.00
lux	0.00
lux	0.00
lux	0.00
lux	0.00
lux	0.00
lux	0.00
lux	0.00
lux	0.00
lux	0.00
lux	0.00
lux	0.00
lux	0.00
lux	0.00
lux	0.00
lux	0.00
lux	0.00
lux	0.00
lux	0.00
lux	0.00
lux	0.20
lux	0.20
lux	0.20
lux	0.00
lux	0.00
lux	0.00
lux	0.00
lux	0.00
lux	0.00
lux	0.00
lux	0.20
lux	0.20
lux	0.20
lux	0.20
lux	0.20
lux	0.20
lux	0.20
lux	0.20
lux	0.20
lux	0.20
lux	0.20
lux	0.20
lux	0.00
lux	0.00
lux	0.00
lux	0.00
lux	0.00
lux	0.00
lux	0.00
lux	5.32
lux	5.44
lux	5.29
lux	5.27
lux	5.34
lux	5.44
lux	5.35
lux	5.37
lux	5.34
lux	5.39
lux	5.35
lux	6.03
lux	6.18

-----------------------------------------------
Date: 1/2/2016 - 11:24:08 AM
End log file
